Performing C SOURCE FILE Test CMAKE_HAVE_LIBC_PTHREAD failed with the following output:
Change Dir: /home/pedro/feup-aed/tp02/cmake-build-debug/CMakeFiles/CMakeTmp

Run Build Command(s):/usr/bin/make -f Makefile cmTC_6b6de/fast && /usr/bin/make  -f CMakeFiles/cmTC_6b6de.dir/build.make CMakeFiles/cmTC_6b6de.dir/build
make[1]: Entering directory '/home/pedro/feup-aed/tp02/cmake-build-debug/CMakeFiles/CMakeTmp'
Building C object CMakeFiles/cmTC_6b6de.dir/src.c.o
/usr/bin/cc -DCMAKE_HAVE_LIBC_PTHREAD   -o CMakeFiles/cmTC_6b6de.dir/src.c.o -c /home/pedro/feup-aed/tp02/cmake-build-debug/CMakeFiles/CMakeTmp/src.c
Linking C executable cmTC_6b6de
/snap/clion/169/bin/cmake/linux/bin/cmake -E cmake_link_script CMakeFiles/cmTC_6b6de.dir/link.txt --verbose=1
/usr/bin/cc CMakeFiles/cmTC_6b6de.dir/src.c.o -o cmTC_6b6de 
/usr/bin/ld: CMakeFiles/cmTC_6b6de.dir/src.c.o: in function `main':
src.c:(.text+0x46): undefined reference to `pthread_create'
/usr/bin/ld: src.c:(.text+0x52): undefined reference to `pthread_detach'
/usr/bin/ld: src.c:(.text+0x5e): undefined reference to `pthread_cancel'
/usr/bin/ld: src.c:(.text+0x6f): undefined reference to `pthread_join'
collect2: error: ld returned 1 exit status
make[1]: *** [CMakeFiles/cmTC_6b6de.dir/build.make:99: cmTC_6b6de] Error 1
make[1]: Leaving directory '/home/pedro/feup-aed/tp02/cmake-build-debug/CMakeFiles/CMakeTmp'
make: *** [Makefile:127: cmTC_6b6de/fast] Error 2


Source file was:
#include <pthread.h>

static void* test_func(void* data)
{
  return data;
}

int main(void)
{
  pthread_t thread;
  pthread_create(&thread, NULL, test_func, NULL);
  pthread_detach(thread);
  pthread_cancel(thread);
  pthread_join(thread, NULL);
  pthread_atfork(NULL, NULL, NULL);
  pthread_exit(NULL);

  return 0;
}

Determining if the function pthread_create exists in the pthreads failed with the following output:
Change Dir: /home/pedro/feup-aed/tp02/cmake-build-debug/CMakeFiles/CMakeTmp

Run Build Command(s):/usr/bin/make -f Makefile cmTC_5b05d/fast && /usr/bin/make  -f CMakeFiles/cmTC_5b05d.dir/build.make CMakeFiles/cmTC_5b05d.dir/build
make[1]: Entering directory '/home/pedro/feup-aed/tp02/cmake-build-debug/CMakeFiles/CMakeTmp'
Building C object CMakeFiles/cmTC_5b05d.dir/CheckFunctionExists.c.o
/usr/bin/cc   -DCHECK_FUNCTION_EXISTS=pthread_create -o CMakeFiles/cmTC_5b05d.dir/CheckFunctionExists.c.o -c /snap/clion/169/bin/cmake/linux/share/cmake-3.20/Modules/CheckFunctionExists.c
Linking C executable cmTC_5b05d
/snap/clion/169/bin/cmake/linux/bin/cmake -E cmake_link_script CMakeFiles/cmTC_5b05d.dir/link.txt --verbose=1
/usr/bin/cc  -DCHECK_FUNCTION_EXISTS=pthread_create CMakeFiles/cmTC_5b05d.dir/CheckFunctionExists.c.o -o cmTC_5b05d  -lpthreads 
/usr/bin/ld: cannot find -lpthreads
collect2: error: ld returned 1 exit status
make[1]: *** [CMakeFiles/cmTC_5b05d.dir/build.make:99: cmTC_5b05d] Error 1
make[1]: Leaving directory '/home/pedro/feup-aed/tp02/cmake-build-debug/CMakeFiles/CMakeTmp'
make: *** [Makefile:127: cmTC_5b05d/fast] Error 2



